ARM GAS  C:\Users\rosto\AppData\Local\Temp\ccisem0i.s 			page 1


   1              		.cpu cortex-m0
   2              		.arch armv6s-m
   3              		.fpu softvfp
   4              		.eabi_attribute 20, 1
   5              		.eabi_attribute 21, 1
   6              		.eabi_attribute 23, 3
   7              		.eabi_attribute 24, 1
   8              		.eabi_attribute 25, 1
   9              		.eabi_attribute 26, 1
  10              		.eabi_attribute 30, 1
  11              		.eabi_attribute 34, 0
  12              		.eabi_attribute 18, 4
  13              		.file	"gpio.c"
  14              		.text
  15              	.Ltext0:
  16              		.cfi_sections	.debug_frame
  17              		.file 1 "Core/Src/gpio.c"
  18              		.section	.text.MX_GPIO_Init,"ax",%progbits
  19              		.align	1
  20              		.global	MX_GPIO_Init
  21              		.syntax unified
  22              		.code	16
  23              		.thumb_func
  25              	MX_GPIO_Init:
  26              	.LFB40:
   1:Core/Src/gpio.c **** /* USER CODE BEGIN Header */
   2:Core/Src/gpio.c **** /**
   3:Core/Src/gpio.c ****   ******************************************************************************
   4:Core/Src/gpio.c ****   * @file    gpio.c
   5:Core/Src/gpio.c ****   * @brief   This file provides code for the configuration
   6:Core/Src/gpio.c ****   *          of all used GPIO pins.
   7:Core/Src/gpio.c ****   ******************************************************************************
   8:Core/Src/gpio.c ****   * @attention
   9:Core/Src/gpio.c ****   *
  10:Core/Src/gpio.c ****   * Copyright (c) 2024 STMicroelectronics.
  11:Core/Src/gpio.c ****   * All rights reserved.
  12:Core/Src/gpio.c ****   *
  13:Core/Src/gpio.c ****   * This software is licensed under terms that can be found in the LICENSE file
  14:Core/Src/gpio.c ****   * in the root directory of this software component.
  15:Core/Src/gpio.c ****   * If no LICENSE file comes with this software, it is provided AS-IS.
  16:Core/Src/gpio.c ****   *
  17:Core/Src/gpio.c ****   ******************************************************************************
  18:Core/Src/gpio.c ****   */
  19:Core/Src/gpio.c **** /* USER CODE END Header */
  20:Core/Src/gpio.c **** 
  21:Core/Src/gpio.c **** /* Includes ------------------------------------------------------------------*/
  22:Core/Src/gpio.c **** #include "gpio.h"
  23:Core/Src/gpio.c **** 
  24:Core/Src/gpio.c **** /* USER CODE BEGIN 0 */
  25:Core/Src/gpio.c **** 
  26:Core/Src/gpio.c **** /* USER CODE END 0 */
  27:Core/Src/gpio.c **** 
  28:Core/Src/gpio.c **** /*----------------------------------------------------------------------------*/
  29:Core/Src/gpio.c **** /* Configure GPIO                                                             */
  30:Core/Src/gpio.c **** /*----------------------------------------------------------------------------*/
  31:Core/Src/gpio.c **** /* USER CODE BEGIN 1 */
  32:Core/Src/gpio.c **** 
ARM GAS  C:\Users\rosto\AppData\Local\Temp\ccisem0i.s 			page 2


  33:Core/Src/gpio.c **** /* USER CODE END 1 */
  34:Core/Src/gpio.c **** 
  35:Core/Src/gpio.c **** /** Configure pins as
  36:Core/Src/gpio.c ****         * Analog
  37:Core/Src/gpio.c ****         * Input
  38:Core/Src/gpio.c ****         * Output
  39:Core/Src/gpio.c ****         * EVENT_OUT
  40:Core/Src/gpio.c ****         * EXTI
  41:Core/Src/gpio.c **** */
  42:Core/Src/gpio.c **** void MX_GPIO_Init(void)
  43:Core/Src/gpio.c **** {
  27              		.loc 1 43 1 view -0
  28              		.cfi_startproc
  29              		@ args = 0, pretend = 0, frame = 32
  30              		@ frame_needed = 0, uses_anonymous_args = 0
  31 0000 10B5     		push	{r4, lr}
  32              		.cfi_def_cfa_offset 8
  33              		.cfi_offset 4, -8
  34              		.cfi_offset 14, -4
  35 0002 88B0     		sub	sp, sp, #32
  36              		.cfi_def_cfa_offset 40
  44:Core/Src/gpio.c **** 
  45:Core/Src/gpio.c ****   GPIO_InitTypeDef GPIO_InitStruct = {0};
  37              		.loc 1 45 3 view .LVU1
  38              		.loc 1 45 20 is_stmt 0 view .LVU2
  39 0004 1422     		movs	r2, #20
  40 0006 0021     		movs	r1, #0
  41 0008 03A8     		add	r0, sp, #12
  42 000a FFF7FEFF 		bl	memset
  43              	.LVL0:
  46:Core/Src/gpio.c **** 
  47:Core/Src/gpio.c ****   /* GPIO Ports Clock Enable */
  48:Core/Src/gpio.c ****   __HAL_RCC_GPIOA_CLK_ENABLE();
  44              		.loc 1 48 3 is_stmt 1 view .LVU3
  45              	.LBB2:
  46              		.loc 1 48 3 view .LVU4
  47              		.loc 1 48 3 view .LVU5
  48 000e 134B     		ldr	r3, .L2
  49 0010 5A69     		ldr	r2, [r3, #20]
  50 0012 8021     		movs	r1, #128
  51 0014 8902     		lsls	r1, r1, #10
  52 0016 0A43     		orrs	r2, r1
  53 0018 5A61     		str	r2, [r3, #20]
  54              		.loc 1 48 3 view .LVU6
  55 001a 5A69     		ldr	r2, [r3, #20]
  56 001c 0A40     		ands	r2, r1
  57 001e 0192     		str	r2, [sp, #4]
  58              		.loc 1 48 3 view .LVU7
  59 0020 019A     		ldr	r2, [sp, #4]
  60              	.LBE2:
  61              		.loc 1 48 3 view .LVU8
  49:Core/Src/gpio.c ****   __HAL_RCC_GPIOB_CLK_ENABLE();
  62              		.loc 1 49 3 view .LVU9
  63              	.LBB3:
  64              		.loc 1 49 3 view .LVU10
  65              		.loc 1 49 3 view .LVU11
  66 0022 5A69     		ldr	r2, [r3, #20]
ARM GAS  C:\Users\rosto\AppData\Local\Temp\ccisem0i.s 			page 3


  67 0024 8021     		movs	r1, #128
  68 0026 C902     		lsls	r1, r1, #11
  69 0028 0A43     		orrs	r2, r1
  70 002a 5A61     		str	r2, [r3, #20]
  71              		.loc 1 49 3 view .LVU12
  72 002c 5B69     		ldr	r3, [r3, #20]
  73 002e 0B40     		ands	r3, r1
  74 0030 0293     		str	r3, [sp, #8]
  75              		.loc 1 49 3 view .LVU13
  76 0032 029B     		ldr	r3, [sp, #8]
  77              	.LBE3:
  78              		.loc 1 49 3 view .LVU14
  50:Core/Src/gpio.c **** 
  51:Core/Src/gpio.c ****   /*Configure GPIO pin Output Level */
  52:Core/Src/gpio.c ****   HAL_GPIO_WritePin(GPIOB, LED5_Pin|LED6_Pin|LED7_Pin, GPIO_PIN_RESET);
  79              		.loc 1 52 3 view .LVU15
  80 0034 0A4C     		ldr	r4, .L2+4
  81 0036 0022     		movs	r2, #0
  82 0038 E021     		movs	r1, #224
  83 003a 2000     		movs	r0, r4
  84 003c FFF7FEFF 		bl	HAL_GPIO_WritePin
  85              	.LVL1:
  53:Core/Src/gpio.c **** 
  54:Core/Src/gpio.c ****   /*Configure GPIO pins : PBPin PBPin PBPin */
  55:Core/Src/gpio.c ****   GPIO_InitStruct.Pin = LED5_Pin|LED6_Pin|LED7_Pin;
  86              		.loc 1 55 3 view .LVU16
  87              		.loc 1 55 23 is_stmt 0 view .LVU17
  88 0040 E023     		movs	r3, #224
  89 0042 0393     		str	r3, [sp, #12]
  56:Core/Src/gpio.c ****   GPIO_InitStruct.Mode = GPIO_MODE_OUTPUT_PP;
  90              		.loc 1 56 3 is_stmt 1 view .LVU18
  91              		.loc 1 56 24 is_stmt 0 view .LVU19
  92 0044 DF3B     		subs	r3, r3, #223
  93 0046 0493     		str	r3, [sp, #16]
  57:Core/Src/gpio.c ****   GPIO_InitStruct.Pull = GPIO_NOPULL;
  94              		.loc 1 57 3 is_stmt 1 view .LVU20
  95              		.loc 1 57 24 is_stmt 0 view .LVU21
  96 0048 0023     		movs	r3, #0
  97 004a 0593     		str	r3, [sp, #20]
  58:Core/Src/gpio.c ****   GPIO_InitStruct.Speed = GPIO_SPEED_FREQ_LOW;
  98              		.loc 1 58 3 is_stmt 1 view .LVU22
  99              		.loc 1 58 25 is_stmt 0 view .LVU23
 100 004c 0693     		str	r3, [sp, #24]
  59:Core/Src/gpio.c ****   HAL_GPIO_Init(GPIOB, &GPIO_InitStruct);
 101              		.loc 1 59 3 is_stmt 1 view .LVU24
 102 004e 03A9     		add	r1, sp, #12
 103 0050 2000     		movs	r0, r4
 104 0052 FFF7FEFF 		bl	HAL_GPIO_Init
 105              	.LVL2:
  60:Core/Src/gpio.c **** 
  61:Core/Src/gpio.c **** }
 106              		.loc 1 61 1 is_stmt 0 view .LVU25
 107 0056 08B0     		add	sp, sp, #32
 108              		@ sp needed
 109 0058 10BD     		pop	{r4, pc}
 110              	.L3:
 111 005a C046     		.align	2
ARM GAS  C:\Users\rosto\AppData\Local\Temp\ccisem0i.s 			page 4


 112              	.L2:
 113 005c 00100240 		.word	1073876992
 114 0060 00040048 		.word	1207960576
 115              		.cfi_endproc
 116              	.LFE40:
 118              		.text
 119              	.Letext0:
 120              		.file 2 "c:\\users\\rosto\\appdata\\roaming\\code\\user\\globalstorage\\bmd.stm32-for-vscode\\@xpa
 121              		.file 3 "c:\\users\\rosto\\appdata\\roaming\\code\\user\\globalstorage\\bmd.stm32-for-vscode\\@xpa
 122              		.file 4 "Drivers/CMSIS/Device/ST/STM32F0xx/Include/stm32f051x8.h"
 123              		.file 5 "Drivers/STM32F0xx_HAL_Driver/Inc/stm32f0xx_hal_gpio.h"
 124              		.file 6 "<built-in>"
ARM GAS  C:\Users\rosto\AppData\Local\Temp\ccisem0i.s 			page 5


DEFINED SYMBOLS
                            *ABS*:0000000000000000 gpio.c
C:\Users\rosto\AppData\Local\Temp\ccisem0i.s:19     .text.MX_GPIO_Init:0000000000000000 $t
C:\Users\rosto\AppData\Local\Temp\ccisem0i.s:25     .text.MX_GPIO_Init:0000000000000000 MX_GPIO_Init
C:\Users\rosto\AppData\Local\Temp\ccisem0i.s:113    .text.MX_GPIO_Init:000000000000005c $d

UNDEFINED SYMBOLS
memset
HAL_GPIO_WritePin
HAL_GPIO_Init
